<?xml version="1.0" encoding="utf-8"?><testsuites name="pytest tests"><testsuite name="pytest" errors="0" failures="0" skipped="6" tests="6" time="58.364" timestamp="2025-10-27T18:39:28.227394-05:00" hostname="gabo288.local"><testcase classname="tests.e2e.test_full_integration_flow.TestE2EFullFlow" name="test_complete_advice_flow_mind_category" time="58.321"><skipped type="pytest.skip" message="El servicio de agentes no está disponible en http://localhost:8080">/Users/freakscode/Proyectos 2025/AURA360/tests/e2e/test_full_integration_flow.py:187: El servicio de agentes no está disponible en http://localhost:8080</skipped></testcase><testcase classname="tests.e2e.test_full_integration_flow.TestE2EFullFlow" name="test_complete_advice_flow_holistic_category" time="0.000"><skipped type="pytest.skip" message="El servicio de agentes no está disponible en http://localhost:8080">/Users/freakscode/Proyectos 2025/AURA360/tests/e2e/test_full_integration_flow.py:254: El servicio de agentes no está disponible en http://localhost:8080</skipped></testcase><testcase classname="tests.e2e.test_full_integration_flow.TestE2EFullFlow" name="test_vector_search_returns_relevant_results" time="0.000"><skipped type="pytest.skip" message="El servicio de agentes no está disponible en http://localhost:8080">/Users/freakscode/Proyectos 2025/AURA360/tests/e2e/test_full_integration_flow.py:297: El servicio de agentes no está disponible en http://localhost:8080</skipped></testcase><testcase classname="tests.e2e.test_full_integration_flow.TestE2EErrorScenarios" name="test_invalid_category_returns_error" time="0.000"><skipped type="pytest.skip" message="El servicio de agentes no está disponible en http://localhost:8080">/Users/freakscode/Proyectos 2025/AURA360/tests/e2e/test_full_integration_flow.py:341: El servicio de agentes no está disponible en http://localhost:8080</skipped></testcase><testcase classname="tests.e2e.test_full_integration_flow.TestE2EErrorScenarios" name="test_unauthorized_request_returns_401" time="0.000"><skipped type="pytest.skip" message="El servicio de agentes no está disponible en http://localhost:8080">/Users/freakscode/Proyectos 2025/AURA360/tests/e2e/test_full_integration_flow.py:366: El servicio de agentes no está disponible en http://localhost:8080</skipped></testcase><testcase classname="tests.e2e.test_full_integration_flow.TestE2EPerformance" name="test_concurrent_requests_are_handled" time="0.000"><skipped type="pytest.skip" message="El servicio de agentes no está disponible en http://localhost:8080">/Users/freakscode/Proyectos 2025/AURA360/tests/e2e/test_full_integration_flow.py:391: El servicio de agentes no está disponible en http://localhost:8080</skipped></testcase></testsuite></testsuites>