<?xml version="1.0" encoding="utf-8"?><testsuites name="pytest tests"><testsuite name="pytest" errors="0" failures="0" skipped="0" tests="8" time="22.663" timestamp="2025-10-27T18:38:06.424864-05:00" hostname="gabo288.local"><testcase classname="tests.integration.test_vectorial_service_integration.TestHealthAndMetrics" name="test_health_check" time="0.032" /><testcase classname="tests.integration.test_vectorial_service_integration.TestHealthAndMetrics" name="test_metrics_endpoint" time="0.071" /><testcase classname="tests.integration.test_vectorial_service_integration.TestIngestion" name="test_ingest_single_document" time="9.178" /><testcase classname="tests.integration.test_vectorial_service_integration.TestIngestion" name="test_ingest_batch_documents" time="3.077" /><testcase classname="tests.integration.test_vectorial_service_integration.TestSearch" name="test_basic_search" time="5.168" /><testcase classname="tests.integration.test_vectorial_service_integration.TestSearch" name="test_search_with_category_filter" time="5.082" /><testcase classname="tests.integration.test_vectorial_service_integration.TestDLQ" name="test_dlq_stats_endpoint" time="0.005" /><testcase classname="tests.integration.test_vectorial_service_integration.TestDLQ" name="test_dlq_list_endpoint" time="0.005" /></testsuite></testsuites>