<?xml version="1.0" encoding="utf-8"?><testsuites name="pytest tests"><testsuite name="pytest" errors="0" failures="0" skipped="0" tests="8" time="15.367" timestamp="2025-10-27T19:31:06.386065-05:00" hostname="gabo288.local"><testcase classname="tests.integration.test_vectorial_service_integration.TestHealthAndMetrics" name="test_health_check" time="0.009" /><testcase classname="tests.integration.test_vectorial_service_integration.TestHealthAndMetrics" name="test_metrics_endpoint" time="0.065" /><testcase classname="tests.integration.test_vectorial_service_integration.TestIngestion" name="test_ingest_single_document" time="2.027" /><testcase classname="tests.integration.test_vectorial_service_integration.TestIngestion" name="test_ingest_batch_documents" time="3.053" /><testcase classname="tests.integration.test_vectorial_service_integration.TestSearch" name="test_basic_search" time="5.079" /><testcase classname="tests.integration.test_vectorial_service_integration.TestSearch" name="test_search_with_category_filter" time="5.113" /><testcase classname="tests.integration.test_vectorial_service_integration.TestDLQ" name="test_dlq_stats_endpoint" time="0.003" /><testcase classname="tests.integration.test_vectorial_service_integration.TestDLQ" name="test_dlq_list_endpoint" time="0.004" /></testsuite></testsuites>