<?xml version="1.0" encoding="utf-8"?><testsuites name="pytest tests"><testsuite name="pytest" errors="0" failures="0" skipped="0" tests="4" time="6.876" timestamp="2025-10-27T20:33:50.497035-05:00" hostname="gabo288.local"><testcase classname="tests.integration.test_vectorial_service_integration.TestHealthAndMetrics" name="test_health_check" time="0.010" /><testcase classname="tests.integration.test_vectorial_service_integration.TestHealthAndMetrics" name="test_metrics_endpoint" time="0.077" /><testcase classname="tests.integration.test_vectorial_service_integration.TestIngestion" name="test_ingest_single_document" time="2.032" /><testcase classname="tests.integration.test_vectorial_service_integration.TestIngestion" name="test_ingest_batch_documents" time="3.067" /></testsuite></testsuites>