<?xml version="1.0" encoding="utf-8"?><testsuites name="pytest tests"><testsuite name="pytest" errors="0" failures="0" skipped="2" tests="9" time="5.969" timestamp="2025-10-27T19:32:19.430471-06:00" hostname="gabo288.local"><testcase classname="holistic.tests.test_backend_integration.TestBackendAgentsServiceIntegration" name="test_agent_service_http_error_is_handled" time="0.588" /><testcase classname="holistic.tests.test_backend_integration.TestBackendAgentsServiceIntegration" name="test_agent_service_timeout_is_handled" time="0.165" /><testcase classname="holistic.tests.test_backend_integration.TestBackendAgentsServiceIntegration" name="test_call_agent_service_success" time="3.927" /><testcase classname="holistic.tests.test_backend_integration.TestBackendAgentsServiceIntegration" name="test_holistic_request_creates_records" time="0.254" /><testcase classname="holistic.tests.test_backend_integration.TestBackendAgentsServiceIntegration" name="test_missing_agent_profile_returns_503" time="0.169" /><testcase classname="holistic.tests.test_backend_integration.TestBackendAgentsServiceIntegration" name="test_vector_queries_are_persisted" time="0.175" /><testcase classname="holistic.tests.test_backend_integration.TestHolisticServicesUnit" name="test_create_agent_run_creates_record" time="0.173"><skipped type="pytest.skip" message="Tabla app_users no disponible en el entorno de pruebas">/Users/freakscode/Proyectos 2025/AURA360/backend/holistic/tests/test_backend_integration.py:353: Tabla app_users no disponible en el entorno de pruebas</skipped></testcase><testcase classname="holistic.tests.test_backend_integration.TestHolisticServicesUnit" name="test_fetch_user_profile_returns_complete_profile" time="0.160"><skipped type="pytest.skip" message="Tabla app_users no disponible en el entorno de pruebas">/Users/freakscode/Proyectos 2025/AURA360/backend/holistic/tests/test_backend_integration.py:344: Tabla app_users no disponible en el entorno de pruebas</skipped></testcase><testcase classname="holistic.tests.test_backend_integration.TestHolisticAPIEndpoint" name="test_end_to_end_advice_request" time="0.286" /></testsuite></testsuites>